<?xml version="1.0" encoding="UTF-8"?>
<testng-results skipped="0" failed="0" ignored="0" total="1" passed="1">
  <reporter-output>
  </reporter-output>
  <suite name="Default suite" duration-ms="84" started-at="2022-09-09T11:48:23 IST" finished-at="2022-09-09T11:48:24 IST">
    <groups>
    </groups>
    <test name="Default test" duration-ms="84" started-at="2022-09-09T11:48:23 IST" finished-at="2022-09-09T11:48:24 IST">
      <class name="ddt.ReadDataFromCmdLineTest">
        <test-method status="PASS" signature="readDataTest()[pri:0, instance:ddt.ReadDataFromCmdLineTest@396f6598]" name="readDataTest" duration-ms="13" started-at="2022-09-09T11:48:24 IST" finished-at="2022-09-09T11:48:24 IST">
          <reporter-output>
          </reporter-output>
        </test-method> <!-- readDataTest -->
      </class> <!-- ddt.ReadDataFromCmdLineTest -->
    </test> <!-- Default test -->
  </suite> <!-- Default suite -->
</testng-results>
